Using pre-set license
Built from '2020.2/staging' branch; Version is '2020.2.0b7 (1b1252580c64) revision 1774162'; Using compiler version '192528614'; Build Type 'Release'
OS: 'Windows 10  (10.0.0) 64bit' Language: 'en' Physical Memory: 16326 MB
BatchMode: 1, IsHumanControllingUs: 0, StartBugReporterOnCrash: 0, Is64bit: 1, IsPro: 0

 COMMAND LINE ARGUMENTS:
C:\Program Files\Unity\Hub\Editor\2020.2.0b7\Editor\Unity.exe
-adb2
-batchMode
-noUpm
-name
AssetImportWorker0
-projectPath
D:/Bindy/TakeHome/TakeHomeInterview
-logFile
Logs/AssetImportWorker0.log
-srvPort
59112
Successfully changed project path to: D:/Bindy/TakeHome/TakeHomeInterview
D:/Bindy/TakeHome/TakeHomeInterview
Using Asset Import Pipeline V2.
Refreshing native plugins compatible for Editor in 21.26 ms, found 0 plugins.
Preloading 0 native plugins for Editor in 0.00 ms.
Initialize engine version: 2020.2.0b7 (1b1252580c64)
[Subsystems] Discovering subsystems at path C:/Program Files/Unity/Hub/Editor/2020.2.0b7/Editor/Data/Resources/UnitySubsystems
[Subsystems] Discovering subsystems at path D:/Bindy/TakeHome/TakeHomeInterview/Assets
GfxDevice: creating device client; threaded=0
Direct3D:
    Version:  Direct3D 11.0 [level 11.1]
    Renderer: NVIDIA GeForce GTX 1660 (ID=0x2184)
    Vendor:   
    VRAM:     5991 MB
    Driver:   26.21.14.4141
Initialize mono
Mono path[0] = 'C:/Program Files/Unity/Hub/Editor/2020.2.0b7/Editor/Data/Managed'
Mono path[1] = 'C:/Program Files/Unity/Hub/Editor/2020.2.0b7/Editor/Data/MonoBleedingEdge/lib/mono/unityjit'
Mono config path = 'C:/Program Files/Unity/Hub/Editor/2020.2.0b7/Editor/Data/MonoBleedingEdge/etc'
Using monoOptions --debugger-agent=transport=dt_socket,embedding=1,server=y,suspend=n,address=127.0.0.1:56244
Begin MonoManager ReloadAssembly
Registering precompiled unity dll's ...
Register platform support module: C:/Program Files/Unity/Hub/Editor/2020.2.0b7/Editor/Data/PlaybackEngines/WindowsStandaloneSupport/UnityEditor.WindowsStandalone.Extensions.dll
Registered in 0.001531 seconds.
Native extension for WindowsStandalone target not found
Refreshing native plugins compatible for Editor in 20.47 ms, found 0 plugins.
Preloading 0 native plugins for Editor in 0.00 ms.
Invoked RoslynAnalysisRunner static constructor.
RoslynAnalysisRunner will not be running.
RoslynAnalysisRunner has terminated.
Mono: successfully reloaded assembly
- Completed reload, in  0.957 seconds
Platform modules already initialized, skipping
Registering precompiled user dll's ...
Registered in 0.000430 seconds.
Begin MonoManager ReloadAssembly
Symbol file LoadedFromMemory doesn't match image D:\Bindy\TakeHome\TakeHomeInterview\Library\PackageCache\com.unity.ext.nunit@1.0.0\net35\unity-custom\nunit.framework.dll
Native extension for WindowsStandalone target not found
Refreshing native plugins compatible for Editor in 0.18 ms, found 0 plugins.
Preloading 0 native plugins for Editor in 0.00 ms.
Invoked RoslynAnalysisRunner static constructor.
RoslynAnalysisRunner will not be running.
RoslynAnalysisRunner has terminated.
Mono: successfully reloaded assembly
- Completed reload, in  0.726 seconds
Platform modules already initialized, skipping
========================================================================
Worker process is ready to serve import requests
Launched and connected shader compiler UnityShaderCompiler.exe after 0.04 seconds
Refreshing native plugins compatible for Editor in 0.18 ms, found 0 plugins.
Preloading 0 native plugins for Editor in 0.00 ms.
Unloading 1087 Unused Serialized files (Serialized files now loaded: 0)
System memory in use before: 57.0 MB.
System memory in use after: 57.1 MB.

Unloading 10 unused Assets to reduce memory usage. Loaded Objects now: 1525.
Total: 1.962800 ms (FindLiveObjects: 0.471700 ms CreateObjectMapping: 0.086500 ms MarkObjects: 1.348800 ms  DeleteObjects: 0.054800 ms)

========================================================================
Received Import Request.
  path: Assets/Code/Utilities
  artifactKey: Guid(fede4776560cce84dab84c6ee6a5f39f) Importer(815301076,1909f56bfc062723c751e8b465ee728b)
Start importing Assets/Code/Utilities using Guid(fede4776560cce84dab84c6ee6a5f39f) Importer(815301076,1909f56bfc062723c751e8b465ee728b)  -> (artifact id: '52d62694efe42c63cb28bb335448d947') in 0.006310 seconds
  Import took 0.008221 seconds .

========================================================================
Received Import Request.
  Time since last request: 7.214990 seconds.
  path: Assets/Code/UI
  artifactKey: Guid(af418a225c81f8847bff15b429219700) Importer(815301076,1909f56bfc062723c751e8b465ee728b)
Start importing Assets/Code/UI using Guid(af418a225c81f8847bff15b429219700) Importer(815301076,1909f56bfc062723c751e8b465ee728b)  -> (artifact id: '3c8916efc1728d29226d5baa16aa1e76') in 0.047109 seconds
  Import took 0.050494 seconds .

========================================================================
Received Import Request.
  Time since last request: 8.940614 seconds.
  path: Assets/Code/Core
  artifactKey: Guid(35fefc76671327549ace4018136101c2) Importer(815301076,1909f56bfc062723c751e8b465ee728b)
Start importing Assets/Code/Core using Guid(35fefc76671327549ace4018136101c2) Importer(815301076,1909f56bfc062723c751e8b465ee728b)  -> (artifact id: 'c79b5685d344b48df75cfb4ceffafbf9') in 0.004596 seconds
  Import took 0.006678 seconds .

========================================================================
Received Import Request.
  Time since last request: 17.682923 seconds.
  path: Assets/Code/Utilities/GameUtilities.cs
  artifactKey: Guid(2390510f7aa2e484ca83e6077ebd7eb2) Importer(815301076,1909f56bfc062723c751e8b465ee728b)
Start importing Assets/Code/Utilities/GameUtilities.cs using Guid(2390510f7aa2e484ca83e6077ebd7eb2) Importer(815301076,1909f56bfc062723c751e8b465ee728b)  -> (artifact id: 'bea5eccd53d2b562ac3e26812be06e86') in 0.029049 seconds
  Import took 0.031003 seconds .

========================================================================
Received Prepare
Reloading mono domain
Begin MonoManager ReloadAssembly
Registering precompiled unity dll's ...
Register platform support module: C:/Program Files/Unity/Hub/Editor/2020.2.0b7/Editor/Data/PlaybackEngines/WindowsStandaloneSupport/UnityEditor.WindowsStandalone.Extensions.dll
Registered in 0.001439 seconds.
Symbol file LoadedFromMemory doesn't match image D:\Bindy\TakeHome\TakeHomeInterview\Library\PackageCache\com.unity.ext.nunit@1.0.0\net35\unity-custom\nunit.framework.dll
Native extension for WindowsStandalone target not found
Refreshing native plugins compatible for Editor in 20.11 ms, found 0 plugins.
Preloading 0 native plugins for Editor in 0.00 ms.
Invoked RoslynAnalysisRunner static constructor.
RoslynAnalysisRunner will not be running.
RoslynAnalysisRunner has terminated.
Mono: successfully reloaded assembly
- Completed reload, in  0.707 seconds
Platform modules already initialized, skipping
Registering precompiled user dll's ...
Registered in 0.000581 seconds.
Begin MonoManager ReloadAssembly
Symbol file LoadedFromMemory doesn't match image D:\Bindy\TakeHome\TakeHomeInterview\Library\PackageCache\com.unity.ext.nunit@1.0.0\net35\unity-custom\nunit.framework.dll
Native extension for WindowsStandalone target not found
Refreshing native plugins compatible for Editor in 0.17 ms, found 0 plugins.
Preloading 0 native plugins for Editor in 0.00 ms.
Invoked RoslynAnalysisRunner static constructor.
RoslynAnalysisRunner will not be running.
RoslynAnalysisRunner has terminated.
Mono: successfully reloaded assembly
- Completed reload, in  0.690 seconds
Platform modules already initialized, skipping
Refreshing native plugins compatible for Editor in 0.18 ms, found 0 plugins.
Preloading 0 native plugins for Editor in 0.00 ms.
Unloading 7 Unused Serialized files (Serialized files now loaded: 0)
System memory in use before: 35.9 MB.
System memory in use after: 36.0 MB.

Unloading 5 unused Assets to reduce memory usage. Loaded Objects now: 1530.
Total: 1.565800 ms (FindLiveObjects: 0.246600 ms CreateObjectMapping: 0.039400 ms MarkObjects: 1.242200 ms  DeleteObjects: 0.036700 ms)

========================================================================
Received Import Request.
  Time since last request: 12.100872 seconds.
  path: Assets/Code/UI/UIScreen.cs
  artifactKey: Guid(33d7072b8a5c219489ee6a7a452a7b02) Importer(815301076,1909f56bfc062723c751e8b465ee728b)
Start importing Assets/Code/UI/UIScreen.cs using Guid(33d7072b8a5c219489ee6a7a452a7b02) Importer(815301076,1909f56bfc062723c751e8b465ee728b)  -> (artifact id: 'c91295c6ade3f3d1caadaef0a38bf406') in 0.006564 seconds
  Import took 0.008769 seconds .

========================================================================
Received Prepare
Reloading mono domain
Begin MonoManager ReloadAssembly
Registering precompiled unity dll's ...
Register platform support module: C:/Program Files/Unity/Hub/Editor/2020.2.0b7/Editor/Data/PlaybackEngines/WindowsStandaloneSupport/UnityEditor.WindowsStandalone.Extensions.dll
Registered in 0.001439 seconds.
Symbol file LoadedFromMemory doesn't match image D:\Bindy\TakeHome\TakeHomeInterview\Library\PackageCache\com.unity.ext.nunit@1.0.0\net35\unity-custom\nunit.framework.dll
Native extension for WindowsStandalone target not found
Refreshing native plugins compatible for Editor in 21.29 ms, found 0 plugins.
Preloading 0 native plugins for Editor in 0.00 ms.
Invoked RoslynAnalysisRunner static constructor.
RoslynAnalysisRunner will not be running.
RoslynAnalysisRunner has terminated.
Mono: successfully reloaded assembly
- Completed reload, in  0.738 seconds
Platform modules already initialized, skipping
Registering precompiled user dll's ...
Registered in 0.000436 seconds.
Begin MonoManager ReloadAssembly
Symbol file LoadedFromMemory doesn't match image D:\Bindy\TakeHome\TakeHomeInterview\Library\PackageCache\com.unity.ext.nunit@1.0.0\net35\unity-custom\nunit.framework.dll
Native extension for WindowsStandalone target not found
Refreshing native plugins compatible for Editor in 0.19 ms, found 0 plugins.
Preloading 0 native plugins for Editor in 0.00 ms.
Invoked RoslynAnalysisRunner static constructor.
RoslynAnalysisRunner will not be running.
RoslynAnalysisRunner has terminated.
Mono: successfully reloaded assembly
- Completed reload, in  0.717 seconds
Platform modules already initialized, skipping
Refreshing native plugins compatible for Editor in 0.17 ms, found 0 plugins.
Preloading 0 native plugins for Editor in 0.00 ms.
Unloading 7 Unused Serialized files (Serialized files now loaded: 0)
System memory in use before: 36.0 MB.
System memory in use after: 36.1 MB.

Unloading 5 unused Assets to reduce memory usage. Loaded Objects now: 1535.
Total: 1.477900 ms (FindLiveObjects: 0.225000 ms CreateObjectMapping: 0.037700 ms MarkObjects: 1.181500 ms  DeleteObjects: 0.032900 ms)

========================================================================
Received Prepare
Reloading mono domain
Begin MonoManager ReloadAssembly
Registering precompiled unity dll's ...
Register platform support module: C:/Program Files/Unity/Hub/Editor/2020.2.0b7/Editor/Data/PlaybackEngines/WindowsStandaloneSupport/UnityEditor.WindowsStandalone.Extensions.dll
Registered in 0.001466 seconds.
Symbol file LoadedFromMemory doesn't match image D:\Bindy\TakeHome\TakeHomeInterview\Library\PackageCache\com.unity.ext.nunit@1.0.0\net35\unity-custom\nunit.framework.dll
Native extension for WindowsStandalone target not found
Refreshing native plugins compatible for Editor in 19.83 ms, found 0 plugins.
Preloading 0 native plugins for Editor in 0.00 ms.
Invoked RoslynAnalysisRunner static constructor.
RoslynAnalysisRunner will not be running.
RoslynAnalysisRunner has terminated.
Mono: successfully reloaded assembly
- Completed reload, in  0.762 seconds
Platform modules already initialized, skipping
Registering precompiled user dll's ...
Registered in 0.000449 seconds.
Begin MonoManager ReloadAssembly
Symbol file LoadedFromMemory doesn't match image D:\Bindy\TakeHome\TakeHomeInterview\Library\PackageCache\com.unity.ext.nunit@1.0.0\net35\unity-custom\nunit.framework.dll
Native extension for WindowsStandalone target not found
Refreshing native plugins compatible for Editor in 0.18 ms, found 0 plugins.
Preloading 0 native plugins for Editor in 0.00 ms.
Invoked RoslynAnalysisRunner static constructor.
RoslynAnalysisRunner will not be running.
RoslynAnalysisRunner has terminated.
Mono: successfully reloaded assembly
- Completed reload, in  0.735 seconds
Platform modules already initialized, skipping
Refreshing native plugins compatible for Editor in 0.19 ms, found 0 plugins.
Preloading 0 native plugins for Editor in 0.00 ms.
Unloading 6 Unused Serialized files (Serialized files now loaded: 0)
System memory in use before: 36.1 MB.
System memory in use after: 36.2 MB.

Unloading 5 unused Assets to reduce memory usage. Loaded Objects now: 1539.
Total: 1.635500 ms (FindLiveObjects: 0.265300 ms CreateObjectMapping: 0.041300 ms MarkObjects: 1.292300 ms  DeleteObjects: 0.034300 ms)

========================================================================
Received Import Request.
  Time since last request: 2361.676034 seconds.
  path: Assets/Code/UI/UIScreen.cs
  artifactKey: Guid(33d7072b8a5c219489ee6a7a452a7b02) Importer(815301076,1909f56bfc062723c751e8b465ee728b)
Start importing Assets/Code/UI/UIScreen.cs using Guid(33d7072b8a5c219489ee6a7a452a7b02) Importer(815301076,1909f56bfc062723c751e8b465ee728b)  -> (artifact id: '4831f47f1e0dfc63c78f0b89549a31ff') in 0.002656 seconds
  Import took 0.004490 seconds .

========================================================================
Received Prepare
Reloading mono domain
Begin MonoManager ReloadAssembly
Registering precompiled unity dll's ...
Register platform support module: C:/Program Files/Unity/Hub/Editor/2020.2.0b7/Editor/Data/PlaybackEngines/WindowsStandaloneSupport/UnityEditor.WindowsStandalone.Extensions.dll
Registered in 0.001400 seconds.
Symbol file LoadedFromMemory doesn't match image D:\Bindy\TakeHome\TakeHomeInterview\Library\PackageCache\com.unity.ext.nunit@1.0.0\net35\unity-custom\nunit.framework.dll
Native extension for WindowsStandalone target not found
Refreshing native plugins compatible for Editor in 21.99 ms, found 0 plugins.
Preloading 0 native plugins for Editor in 0.00 ms.
Invoked RoslynAnalysisRunner static constructor.
RoslynAnalysisRunner will not be running.
RoslynAnalysisRunner has terminated.
Mono: successfully reloaded assembly
- Completed reload, in  0.785 seconds
Platform modules already initialized, skipping
Registering precompiled user dll's ...
Registered in 0.000439 seconds.
Begin MonoManager ReloadAssembly
Symbol file LoadedFromMemory doesn't match image D:\Bindy\TakeHome\TakeHomeInterview\Library\PackageCache\com.unity.ext.nunit@1.0.0\net35\unity-custom\nunit.framework.dll
Native extension for WindowsStandalone target not found
Refreshing native plugins compatible for Editor in 0.17 ms, found 0 plugins.
Preloading 0 native plugins for Editor in 0.00 ms.
Invoked RoslynAnalysisRunner static constructor.
RoslynAnalysisRunner will not be running.
RoslynAnalysisRunner has terminated.
Mono: successfully reloaded assembly
- Completed reload, in  0.754 seconds
Platform modules already initialized, skipping
Refreshing native plugins compatible for Editor in 0.17 ms, found 0 plugins.
Preloading 0 native plugins for Editor in 0.00 ms.
Unloading 6 Unused Serialized files (Serialized files now loaded: 0)
System memory in use before: 36.2 MB.
System memory in use after: 36.2 MB.

Unloading 5 unused Assets to reduce memory usage. Loaded Objects now: 1543.
Total: 1.445200 ms (FindLiveObjects: 0.224400 ms CreateObjectMapping: 0.036200 ms MarkObjects: 1.153300 ms  DeleteObjects: 0.030700 ms)

========================================================================
Received Import Request.
  Time since last request: 10.711412 seconds.
  path: Assets/Code/UI/UIScreen.cs
  artifactKey: Guid(33d7072b8a5c219489ee6a7a452a7b02) Importer(815301076,1909f56bfc062723c751e8b465ee728b)
Start importing Assets/Code/UI/UIScreen.cs using Guid(33d7072b8a5c219489ee6a7a452a7b02) Importer(815301076,1909f56bfc062723c751e8b465ee728b)  -> (artifact id: 'be687f7c49159b54b1f97a7e93890686') in 0.002261 seconds
  Import took 0.004045 seconds .

AssetImportWorkerClient::OnTransportError - code=2 error=End of file
